app/android/app/build/intermediates/manifest_merge_blame_file/debug/processDebugMainManifest/manifest-merger-blame-debug-report.txt
1<?xml version="1.0" encoding="utf-8"?>
2<manifest xmlns:android="http://schemas.android.com/apk/res/android"
3    package="com.tabletop2p"
4    android:versionCode="1"
5    android:versionName="0.1.0" >
6
7    <uses-sdk
8        android:minSdkVersion="24"
9        android:targetSdkVersion="34" />
10
11    <uses-permission android:name="android.permission.INTERNET" />
11-->src/main/AndroidManifest.xml:4:5-67
11-->src/main/AndroidManifest.xml:4:22-64
12    <uses-permission android:name="android.permission.ACCESS_NETWORK_STATE" />
12-->src/main/AndroidManifest.xml:5:5-79
12-->src/main/AndroidManifest.xml:5:22-76
13
14    <uses-feature
14-->src/main/AndroidManifest.xml:7:5-78
15        android:glEsVersion="0x00030000"
15-->src/main/AndroidManifest.xml:7:19-51
16        android:required="true" />
16-->src/main/AndroidManifest.xml:7:52-75
17
18    <application
18-->src/main/AndroidManifest.xml:9:5-27:19
19        android:allowBackup="false"
19-->src/main/AndroidManifest.xml:10:9-36
20        android:debuggable="true"
21        android:extractNativeLibs="false"
22        android:hasCode="false"
22-->src/main/AndroidManifest.xml:12:9-32
23        android:label="Tabletop P2P" >
23-->src/main/AndroidManifest.xml:11:9-37
24        <activity
24-->src/main/AndroidManifest.xml:14:9-26:20
25            android:name="android.app.NativeActivity"
25-->src/main/AndroidManifest.xml:15:13-54
26            android:configChanges="orientation|keyboardHidden|screenSize|screenLayout|smallestScreenSize|density"
26-->src/main/AndroidManifest.xml:17:13-114
27            android:exported="true"
27-->src/main/AndroidManifest.xml:16:13-36
28            android:windowSoftInputMode="adjustResize" >
28-->src/main/AndroidManifest.xml:18:13-55
29            <meta-data
29-->src/main/AndroidManifest.xml:20:13-87
30                android:name="android.app.lib_name"
30-->src/main/AndroidManifest.xml:20:24-59
31                android:value="tabletop" />
31-->src/main/AndroidManifest.xml:20:60-84
32
33            <intent-filter>
33-->src/main/AndroidManifest.xml:22:13-25:29
34                <action android:name="android.intent.action.MAIN" />
34-->src/main/AndroidManifest.xml:23:17-69
34-->src/main/AndroidManifest.xml:23:25-66
35
36                <category android:name="android.intent.category.LAUNCHER" />
36-->src/main/AndroidManifest.xml:24:17-77
36-->src/main/AndroidManifest.xml:24:27-74
37            </intent-filter>
38        </activity>
39    </application>
40
41</manifest>